#
# There is insufficient memory for the Java Runtime Environment to continue.
# Native memory allocation (malloc) failed to allocate 491984 bytes for Chunk::new
# Possible reasons:
#   The system is out of physical RAM or swap space
#   The process is running with CompressedOops enabled, and the Java Heap may be blocking the growth of the native heap
# Possible solutions:
#   Reduce memory load on the system
#   Increase physical memory or swap space
#   Check if swap backing store is full
#   Decrease Java heap size (-Xmx/-Xms)
#   Decrease number of Java threads
#   Decrease Java thread stack sizes (-Xss)
#   Set larger code cache with -XX:ReservedCodeCacheSize=
#   JVM is running with Unscaled Compressed Oops mode in which the Java heap is
#     placed in the first 4GB address space. The Java Heap base address is the
#     maximum limit for the native heap growth. Please use -XX:HeapBaseMinAddress
#     to set the Java Heap base and to place the Java Heap above 4GB virtual address.
# This output file may be truncated or incomplete.
#
#  Out of Memory Error (allocation.cpp:389), pid=24064, tid=0x0000000000004150
#
# JRE version: Java(TM) SE Runtime Environment (8.0_381) (build 1.8.0_381-b09)
# Java VM: Java HotSpot(TM) 64-Bit Server VM (25.381-b09 mixed mode windows-amd64 compressed oops)
# Failed to write core dump. Minidumps are not enabled by default on client versions of Windows
#

---------------  T H R E A D  ---------------

Current thread (0x0000029361244000):  JavaThread "C2 CompilerThread0" daemon [_thread_in_native, id=16720, stack(0x000000b012d00000,0x000000b012e00000)]

Stack: [0x000000b012d00000,0x000000b012e00000]
Native frames: (J=compiled Java code, j=interpreted, Vv=VM code, C=native code)
V  [jvm.dll+0x353039]


Current CompileTask:
C2:  50314 4267       4       javafx.scene.Node::setScenes (75 bytes)


---------------  P R O C E S S  ---------------

Java Threads: ( => current thread )
  0x0000029363411000 JavaThread "Prism Font Disposer" daemon [_thread_blocked, id=13828, stack(0x000000b013f00000,0x000000b014000000)]
  0x0000029363142000 JavaThread "mysql-cj-abandoned-connection-cleanup" daemon [_thread_blocked, id=21620, stack(0x000000b013b00000,0x000000b013c00000)]
  0x0000029362feb800 JavaThread "Thread-3" daemon [_thread_in_native, id=5420, stack(0x000000b013900000,0x000000b013a00000)]
  0x0000029362fba000 JavaThread "JavaFX-Launcher" [_thread_blocked, id=1900, stack(0x000000b013a00000,0x000000b013b00000)]
  0x00000293629e9000 JavaThread "JavaFX Application Thread" [_thread_in_native, id=15092, stack(0x000000b013500000,0x000000b013600000)]
  0x00000293629e5800 JavaThread "Thread-1" daemon [_thread_blocked, id=18712, stack(0x000000b013400000,0x000000b013500000)]
  0x0000029362945000 JavaThread "QuantumRenderer-0" daemon [_thread_blocked, id=25084, stack(0x000000b013300000,0x000000b013400000)]
  0x00000293612cd800 JavaThread "Service Thread" daemon [_thread_blocked, id=6196, stack(0x000000b013100000,0x000000b013200000)]
  0x0000029361257000 JavaThread "C1 CompilerThread3" daemon [_thread_blocked, id=10300, stack(0x000000b013000000,0x000000b013100000)]
  0x0000029361256000 JavaThread "C2 CompilerThread2" daemon [_thread_blocked, id=13804, stack(0x000000b012f00000,0x000000b013000000)]
  0x000002936124c000 JavaThread "C2 CompilerThread1" daemon [_thread_blocked, id=15464, stack(0x000000b012e00000,0x000000b012f00000)]
=>0x0000029361244000 JavaThread "C2 CompilerThread0" daemon [_thread_in_native, id=16720, stack(0x000000b012d00000,0x000000b012e00000)]
  0x0000029361243000 JavaThread "Attach Listener" daemon [_thread_blocked, id=6876, stack(0x000000b012c00000,0x000000b012d00000)]
  0x0000029361241800 JavaThread "Signal Dispatcher" daemon [_thread_blocked, id=2008, stack(0x000000b012b00000,0x000000b012c00000)]
  0x0000029361228000 JavaThread "Finalizer" daemon [_thread_blocked, id=24444, stack(0x000000b012a00000,0x000000b012b00000)]
  0x00000293611f8800 JavaThread "Reference Handler" daemon [_thread_blocked, id=12640, stack(0x000000b012900000,0x000000b012a00000)]
  0x000002934a5f5000 JavaThread "main" [_thread_blocked, id=24412, stack(0x000000b011f00000,0x000000b012000000)]

Other Threads:
  0x00000293611f2800 VMThread [stack: 0x000000b012800000,0x000000b012900000] [id=9860]
  0x0000029362642000 WatcherThread [stack: 0x000000b013200000,0x000000b013300000] [id=10116]

VM state:not at safepoint (normal execution)

VM Mutex/Monitor currently owned by a thread: None

heap address: 0x0000000081e00000, size: 2018 MB, Compressed Oops mode: 32-bit
Narrow klass base: 0x0000000000000000, Narrow klass shift: 3
Compressed class space size: 1073741824 Address: 0x0000000100000000

Heap:
 PSYoungGen      total 45568K, used 41284K [0x00000000d5f80000, 0x00000000d9180000, 0x0000000100000000)
  eden space 40448K, 89% used [0x00000000d5f80000,0x00000000d82d9148,0x00000000d8700000)
  from space 5120K, 99% used [0x00000000d8c80000,0x00000000d9178020,0x00000000d9180000)
  to   space 5120K, 0% used [0x00000000d8780000,0x00000000d8780000,0x00000000d8c80000)
 ParOldGen       total 353280K, used 326777K [0x0000000081e00000, 0x0000000097700000, 0x00000000d5f80000)
  object space 353280K, 92% used [0x0000000081e00000,0x0000000095d1e6a0,0x0000000097700000)
 Metaspace       used 22876K, capacity 24420K, committed 24576K, reserved 1071104K
  class space    used 3167K, capacity 3490K, committed 3584K, reserved 1048576K

Card table byte_map: [0x000002935b350000,0x000002935b750000] byte_map_base: 0x000002935af41000

Marking Bits: (ParMarkBitMap*) 0x00007ffb45da6040
 Begin Bits: [0x000002935ba00000, 0x000002935d988000)
 End Bits:   [0x000002935d988000, 0x000002935f910000)

Polling page: 0x000002934a770000

CodeCache: size=245760Kb used=12622Kb max_used=13103Kb free=233137Kb
 bounds [0x000002934bf90000, 0x000002934cc70000, 0x000002935af90000]
 total_blobs=4744 nmethods=4012 adapters=643
 compilation: enabled

Compilation events (10 events):
Event: 50.127 Thread 0x0000029361257000 nmethod 4265 0x000002934c42b9d0 code [0x000002934c42bb20, 0x000002934c42bc38]
Event: 50.135 Thread 0x0000029361257000 4266       3       javafx.scene.layout.GridPane::getVgap (19 bytes)
Event: 50.135 Thread 0x0000029361257000 nmethod 4266 0x000002934c228310 code [0x000002934c228480, 0x000002934c228850]
Event: 50.254 Thread 0x0000029361244000 4267       4       javafx.scene.Node::setScenes (75 bytes)
Event: 50.254 Thread 0x0000029361256000 4268       4       java.io.WinNTFileSystem::normalize (143 bytes)
Event: 50.255 Thread 0x0000029361257000 4269       3       java.util.regex.Matcher::reset (83 bytes)
Event: 50.255 Thread 0x0000029361257000 nmethod 4269 0x000002934c35efd0 code [0x000002934c35f160, 0x000002934c35f610]
Event: 50.255 Thread 0x0000029361257000 4270       3       java.io.WinNTFileSystem::normalize (231 bytes)
Event: 50.267 Thread 0x0000029361256000 nmethod 4268 0x000002934c250410 code [0x000002934c250580, 0x000002934c250838]
Event: 50.271 Thread 0x0000029361257000 nmethod 4270 0x000002934cc66390 code [0x000002934cc66860, 0x000002934cc6a6c0]

GC Heap History (10 events):
Event: 1.191 GC heap before
{Heap before GC invocations=1 (full 0):
 PSYoungGen      total 38400K, used 33280K [0x00000000d5f80000, 0x00000000d8a00000, 0x0000000100000000)
  eden space 33280K, 100% used [0x00000000d5f80000,0x00000000d8000000,0x00000000d8000000)
  from space 5120K, 0% used [0x00000000d8500000,0x00000000d8500000,0x00000000d8a00000)
  to   space 5120K, 0% used [0x00000000d8000000,0x00000000d8000000,0x00000000d8500000)
 ParOldGen       total 87552K, used 70312K [0x0000000081e00000, 0x0000000087380000, 0x00000000d5f80000)
  object space 87552K, 80% used [0x0000000081e00000,0x00000000862aa220,0x0000000087380000)
 Metaspace       used 14749K, capacity 15406K, committed 15488K, reserved 1062912K
  class space    used 1954K, capacity 2153K, committed 2176K, reserved 1048576K
Event: 1.196 GC heap after
Heap after GC invocations=1 (full 0):
 PSYoungGen      total 38400K, used 5118K [0x00000000d5f80000, 0x00000000d8a00000, 0x0000000100000000)
  eden space 33280K, 0% used [0x00000000d5f80000,0x00000000d5f80000,0x00000000d8000000)
  from space 5120K, 99% used [0x00000000d8000000,0x00000000d84ff8b0,0x00000000d8500000)
  to   space 5120K, 0% used [0x00000000d8500000,0x00000000d8500000,0x00000000d8a00000)
 ParOldGen       total 87552K, used 71973K [0x0000000081e00000, 0x0000000087380000, 0x00000000d5f80000)
  object space 87552K, 82% used [0x0000000081e00000,0x0000000086449540,0x0000000087380000)
 Metaspace       used 14749K, capacity 15406K, committed 15488K, reserved 1062912K
  class space    used 1954K, capacity 2153K, committed 2176K, reserved 1048576K
}
Event: 1.841 GC heap before
{Heap before GC invocations=2 (full 0):
 PSYoungGen      total 38400K, used 22942K [0x00000000d5f80000, 0x00000000d8a00000, 0x0000000100000000)
  eden space 33280K, 53% used [0x00000000d5f80000,0x00000000d70e7f50,0x00000000d8000000)
  from space 5120K, 99% used [0x00000000d8000000,0x00000000d84ff8b0,0x00000000d8500000)
  to   space 5120K, 0% used [0x00000000d8500000,0x00000000d8500000,0x00000000d8a00000)
 ParOldGen       total 87552K, used 71973K [0x0000000081e00000, 0x0000000087380000, 0x00000000d5f80000)
  object space 87552K, 82% used [0x0000000081e00000,0x0000000086449540,0x0000000087380000)
 Metaspace       used 20036K, capacity 21240K, committed 21296K, reserved 1067008K
  class space    used 2898K, capacity 3168K, committed 3200K, reserved 1048576K
Event: 1.849 GC heap after
Heap after GC invocations=2 (full 0):
 PSYoungGen      total 38400K, used 5088K [0x00000000d5f80000, 0x00000000d8a00000, 0x0000000100000000)
  eden space 33280K, 0% used [0x00000000d5f80000,0x00000000d5f80000,0x00000000d8000000)
  from space 5120K, 99% used [0x00000000d8500000,0x00000000d89f8040,0x00000000d8a00000)
  to   space 5120K, 0% used [0x00000000d8000000,0x00000000d8000000,0x00000000d8500000)
 ParOldGen       total 87552K, used 74192K [0x0000000081e00000, 0x0000000087380000, 0x00000000d5f80000)
  object space 87552K, 84% used [0x0000000081e00000,0x00000000866742a8,0x0000000087380000)
 Metaspace       used 20036K, capacity 21240K, committed 21296K, reserved 1067008K
  class space    used 2898K, capacity 3168K, committed 3200K, reserved 1048576K
}
Event: 1.850 GC heap before
{Heap before GC invocations=3 (full 1):
 PSYoungGen      total 38400K, used 5088K [0x00000000d5f80000, 0x00000000d8a00000, 0x0000000100000000)
  eden space 33280K, 0% used [0x00000000d5f80000,0x00000000d5f80000,0x00000000d8000000)
  from space 5120K, 99% used [0x00000000d8500000,0x00000000d89f8040,0x00000000d8a00000)
  to   space 5120K, 0% used [0x00000000d8000000,0x00000000d8000000,0x00000000d8500000)
 ParOldGen       total 87552K, used 74192K [0x0000000081e00000, 0x0000000087380000, 0x00000000d5f80000)
  object space 87552K, 84% used [0x0000000081e00000,0x00000000866742a8,0x0000000087380000)
 Metaspace       used 20036K, capacity 21240K, committed 21296K, reserved 1067008K
  class space    used 2898K, capacity 3168K, committed 3200K, reserved 1048576K
Event: 1.880 GC heap after
Heap after GC invocations=3 (full 1):
 PSYoungGen      total 38400K, used 0K [0x00000000d5f80000, 0x00000000d8a00000, 0x0000000100000000)
  eden space 33280K, 0% used [0x00000000d5f80000,0x00000000d5f80000,0x00000000d8000000)
  from space 5120K, 0% used [0x00000000d8500000,0x00000000d8500000,0x00000000d8a00000)
  to   space 5120K, 0% used [0x00000000d8000000,0x00000000d8000000,0x00000000d8500000)
 ParOldGen       total 141312K, used 77483K [0x0000000081e00000, 0x000000008a800000, 0x00000000d5f80000)
  object space 141312K, 54% used [0x0000000081e00000,0x00000000869aae30,0x000000008a800000)
 Metaspace       used 20036K, capacity 21240K, committed 21296K, reserved 1067008K
  class space    used 2898K, capacity 3168K, committed 3200K, reserved 1048576K
}
Event: 46.739 GC heap before
{Heap before GC invocations=4 (full 1):
 PSYoungGen      total 38400K, used 33280K [0x00000000d5f80000, 0x00000000d8a00000, 0x0000000100000000)
  eden space 33280K, 100% used [0x00000000d5f80000,0x00000000d8000000,0x00000000d8000000)
  from space 5120K, 0% used [0x00000000d8500000,0x00000000d8500000,0x00000000d8a00000)
  to   space 5120K, 0% used [0x00000000d8000000,0x00000000d8000000,0x00000000d8500000)
 ParOldGen       total 353280K, used 323577K [0x0000000081e00000, 0x0000000097700000, 0x00000000d5f80000)
  object space 353280K, 91% used [0x0000000081e00000,0x00000000959fe5a0,0x0000000097700000)
 Metaspace       used 22814K, capacity 24416K, committed 24576K, reserved 1071104K
  class space    used 3167K, capacity 3490K, committed 3584K, reserved 1048576K
Event: 46.744 GC heap after
Heap after GC invocations=4 (full 1):
 PSYoungGen      total 38400K, used 5088K [0x00000000d5f80000, 0x00000000d9180000, 0x0000000100000000)
  eden space 33280K, 0% used [0x00000000d5f80000,0x00000000d5f80000,0x00000000d8000000)
  from space 5120K, 99% used [0x00000000d8000000,0x00000000d84f8220,0x00000000d8500000)
  to   space 5120K, 0% used [0x00000000d8c80000,0x00000000d8c80000,0x00000000d9180000)
 ParOldGen       total 353280K, used 326721K [0x0000000081e00000, 0x0000000097700000, 0x00000000d5f80000)
  object space 353280K, 92% used [0x0000000081e00000,0x0000000095d106a0,0x0000000097700000)
 Metaspace       used 22814K, capacity 24416K, committed 24576K, reserved 1071104K
  class space    used 3167K, capacity 3490K, committed 3584K, reserved 1048576K
}
Event: 50.256 GC heap before
{Heap before GC invocations=5 (full 1):
 PSYoungGen      total 38400K, used 8738K [0x00000000d5f80000, 0x00000000d9180000, 0x0000000100000000)
  eden space 33280K, 10% used [0x00000000d5f80000,0x00000000d6310650,0x00000000d8000000)
  from space 5120K, 99% used [0x00000000d8000000,0x00000000d84f8220,0x00000000d8500000)
  to   space 5120K, 0% used [0x00000000d8c80000,0x00000000d8c80000,0x00000000d9180000)
 ParOldGen       total 353280K, used 326721K [0x0000000081e00000, 0x0000000097700000, 0x00000000d5f80000)
  object space 353280K, 92% used [0x0000000081e00000,0x0000000095d106a0,0x0000000097700000)
 Metaspace       used 22876K, capacity 24420K, committed 24576K, reserved 1071104K
  class space    used 3167K, capacity 3490K, committed 3584K, reserved 1048576K
Event: 50.263 GC heap after
Heap after GC invocations=5 (full 1):
 PSYoungGen      total 45568K, used 5088K [0x00000000d5f80000, 0x00000000d9180000, 0x0000000100000000)
  eden space 40448K, 0% used [0x00000000d5f80000,0x00000000d5f80000,0x00000000d8700000)
  from space 5120K, 99% used [0x00000000d8c80000,0x00000000d9178020,0x00000000d9180000)
  to   space 5120K, 0% used [0x00000000d8780000,0x00000000d8780000,0x00000000d8c80000)
 ParOldGen       total 353280K, used 326777K [0x0000000081e00000, 0x0000000097700000, 0x00000000d5f80000)
  object space 353280K, 92% used [0x0000000081e00000,0x0000000095d1e6a0,0x0000000097700000)
 Metaspace       used 22876K, capacity 24420K, committed 24576K, reserved 1071104K
  class space    used 3167K, capacity 3490K, committed 3584K, reserved 1048576K
}

Deoptimization events (10 events):
Event: 11.104 Thread 0x00000293629e9000 Uncommon trap: reason=class_check action=maybe_recompile pc=0x000002934c586d6c method=javafx.scene.Node.updateLocalToParentTransform()V @ 11
Event: 11.104 Thread 0x00000293629e9000 Uncommon trap: reason=class_check action=maybe_recompile pc=0x000002934c586d6c method=javafx.scene.Node.updateLocalToParentTransform()V @ 11
Event: 11.104 Thread 0x00000293629e9000 Uncommon trap: reason=class_check action=maybe_recompile pc=0x000002934c586d6c method=javafx.scene.Node.updateLocalToParentTransform()V @ 11
Event: 11.109 Thread 0x00000293629e9000 Uncommon trap: reason=bimorphic action=maybe_recompile pc=0x000002934c5513e8 method=java.util.WeakHashMap.eq(Ljava/lang/Object;Ljava/lang/Object;)Z @ 7
Event: 11.118 Thread 0x0000029362945000 Uncommon trap: reason=unstable_if action=reinterpret pc=0x000002934c658c44 method=com.sun.javafx.geom.RectBounds.isEmpty()Z @ 21
Event: 11.126 Thread 0x00000293629e9000 Uncommon trap: reason=bimorphic action=maybe_recompile pc=0x000002934c5513e8 method=java.util.WeakHashMap.eq(Ljava/lang/Object;Ljava/lang/Object;)Z @ 7
Event: 11.725 Thread 0x00000293629e9000 Uncommon trap: reason=null_check action=make_not_entrant pc=0x000002934c7d4c9c method=javafx.scene.Node$MiscProperties.getClip()Ljavafx/scene/Node; @ 20
Event: 11.734 Thread 0x00000293629e9000 Uncommon trap: reason=null_check action=make_not_entrant pc=0x000002934c793e5c method=javafx.scene.Node$MiscProperties.getClip()Ljavafx/scene/Node; @ 20
Event: 49.383 Thread 0x0000029362945000 Uncommon trap: reason=unstable_if action=reinterpret pc=0x000002934c858ecc method=java.lang.Math.round(F)I @ 36
Event: 49.383 Thread 0x0000029362945000 Uncommon trap: reason=unstable_if action=reinterpret pc=0x000002934cc4ba54 method=java.lang.Math.round(F)I @ 36

Classes redefined (0 events):
No events

Internal exceptions (10 events):
Event: 0.147 Thread 0x000002934a5f5000 Exception <a 'java/lang/NoSuchFieldError': method resolution failed> (0x00000000d61a14d8) thrown at [C:\jenkins\workspace\8-2-build-windows-x64-cygwin-sans-NAS\jdk8u381\237\hotspot\src\share\vm\prims\methodHandles.cpp, line 1188]
Event: 0.149 Thread 0x000002934a5f5000 Exception <a 'java/lang/NoSuchFieldError': method resolution failed> (0x00000000d61ae858) thrown at [C:\jenkins\workspace\8-2-build-windows-x64-cygwin-sans-NAS\jdk8u381\237\hotspot\src\share\vm\prims\methodHandles.cpp, line 1188]
Event: 0.171 Thread 0x000002934a5f5000 Exception <a 'java/security/PrivilegedActionException'> (0x00000000d623a1f0) thrown at [C:\jenkins\workspace\8-2-build-windows-x64-cygwin-sans-NAS\jdk8u381\237\hotspot\src\share\vm\prims\jvm.cpp, line 1513]
Event: 0.171 Thread 0x000002934a5f5000 Exception <a 'java/security/PrivilegedActionException'> (0x00000000d623a400) thrown at [C:\jenkins\workspace\8-2-build-windows-x64-cygwin-sans-NAS\jdk8u381\237\hotspot\src\share\vm\prims\jvm.cpp, line 1513]
Event: 0.171 Thread 0x000002934a5f5000 Exception <a 'java/lang/NullPointerException'> (0x00000000d623a9d8) thrown at [C:\jenkins\workspace\8-2-build-windows-x64-cygwin-sans-NAS\jdk8u381\237\hotspot\src\share\vm\interpreter\linkResolver.cpp, line 1185]
Event: 0.397 Thread 0x00000293629e9000 Exception <a 'java/lang/NullPointerException'> (0x00000000d6bfbc98) thrown at [C:\jenkins\workspace\8-2-build-windows-x64-cygwin-sans-NAS\jdk8u381\237\hotspot\src\share\vm\interpreter\linkResolver.cpp, line 1185]
Event: 0.397 Thread 0x00000293629e9000 Exception <a 'java/lang/NullPointerException'> (0x00000000d6bfbc98) thrown at [C:\jenkins\workspace\8-2-build-windows-x64-cygwin-sans-NAS\jdk8u381\237\hotspot\src\share\vm\prims\jvm.cpp, line 1517]
Event: 0.488 Thread 0x00000293629e9000 Implicit null exception at 0x000002934c214a56 to 0x000002934c214e05
Event: 11.725 Thread 0x00000293629e9000 Implicit null exception at 0x000002934c7d3037 to 0x000002934c7d4c8d
Event: 11.734 Thread 0x00000293629e9000 Implicit null exception at 0x000002934c793e07 to 0x000002934c793e51

Events (10 events):
Event: 50.267 Executing VM operation: RevokeBias
Event: 50.267 Executing VM operation: RevokeBias done
Event: 50.268 Executing VM operation: RevokeBias
Event: 50.268 Executing VM operation: RevokeBias done
Event: 50.268 Executing VM operation: RevokeBias
Event: 50.268 Executing VM operation: RevokeBias done
Event: 50.268 Executing VM operation: RevokeBias
Event: 50.268 Executing VM operation: RevokeBias done
Event: 50.268 Executing VM operation: RevokeBias
Event: 50.268 Executing VM operation: RevokeBias done


Dynamic libraries:
0x00007ff76f030000 - 0x00007ff76f07a000 	C:\Program Files\Java\jre-1.8\bin\javaw.exe
0x00007ffbfe370000 - 0x00007ffbfe568000 	C:\WINDOWS\SYSTEM32\ntdll.dll
0x00007ffbfe270000 - 0x00007ffbfe32d000 	C:\WINDOWS\System32\KERNEL32.DLL
0x00007ffbfbdc0000 - 0x00007ffbfc0b6000 	C:\WINDOWS\System32\KERNELBASE.dll
0x00007ffbfc620000 - 0x00007ffbfc6cf000 	C:\WINDOWS\System32\ADVAPI32.dll
0x00007ffbfd000000 - 0x00007ffbfd09e000 	C:\WINDOWS\System32\msvcrt.dll
0x00007ffbfc9f0000 - 0x00007ffbfca8c000 	C:\WINDOWS\System32\sechost.dll
0x00007ffbfd920000 - 0x00007ffbfda46000 	C:\WINDOWS\System32\RPCRT4.dll
0x00007ffbfd130000 - 0x00007ffbfd2ce000 	C:\WINDOWS\System32\USER32.dll
0x00007ffbfba50000 - 0x00007ffbfba72000 	C:\WINDOWS\System32\win32u.dll
0x00007ffbfc5f0000 - 0x00007ffbfc61c000 	C:\WINDOWS\System32\GDI32.dll
0x00007ffbfc220000 - 0x00007ffbfc33a000 	C:\WINDOWS\System32\gdi32full.dll
0x00007ffbfba80000 - 0x00007ffbfbb1d000 	C:\WINDOWS\System32\msvcp_win.dll
0x00007ffbfbc10000 - 0x00007ffbfbd10000 	C:\WINDOWS\System32\ucrtbase.dll
0x00007ffbd9cc0000 - 0x00007ffbd9f5a000 	C:\WINDOWS\WinSxS\amd64_microsoft.windows.common-controls_6595b64144ccf1df_6.0.19041.3636_none_60b6a03d71f818d5\COMCTL32.dll
0x00007ffbfd8f0000 - 0x00007ffbfd920000 	C:\WINDOWS\System32\IMM32.DLL
0x00007ffbf63f0000 - 0x00007ffbf640b000 	C:\Program Files\Java\jre-1.8\bin\vcruntime140.dll
0x00007ffbf63e0000 - 0x00007ffbf63ec000 	C:\Program Files\Java\jre-1.8\bin\vcruntime140_1.dll
0x00007ffb78710000 - 0x00007ffb7879e000 	C:\Program Files\Java\jre-1.8\bin\msvcp140.dll
0x00007ffb45570000 - 0x00007ffb45e20000 	C:\Program Files\Java\jre-1.8\bin\server\jvm.dll
0x00007ffbfca90000 - 0x00007ffbfca98000 	C:\WINDOWS\System32\PSAPI.DLL
0x00007ffbe8200000 - 0x00007ffbe8209000 	C:\WINDOWS\SYSTEM32\WSOCK32.dll
0x00007ffbe7d20000 - 0x00007ffbe7d47000 	C:\WINDOWS\SYSTEM32\WINMM.dll
0x00007ffbf4ab0000 - 0x00007ffbf4aba000 	C:\WINDOWS\SYSTEM32\VERSION.dll
0x00007ffbfcc30000 - 0x00007ffbfcc9b000 	C:\WINDOWS\System32\WS2_32.dll
0x00007ffbfa2a0000 - 0x00007ffbfa2b2000 	C:\WINDOWS\SYSTEM32\kernel.appcore.dll
0x00007ffbf63d0000 - 0x00007ffbf63e0000 	C:\Program Files\Java\jre-1.8\bin\verify.dll
0x00007ffbc0f50000 - 0x00007ffbc0f7b000 	C:\Program Files\Java\jre-1.8\bin\java.dll
0x00007ffbc5350000 - 0x00007ffbc5368000 	C:\Program Files\Java\jre-1.8\bin\zip.dll
0x00007ffbfda50000 - 0x00007ffbfe195000 	C:\WINDOWS\System32\SHELL32.dll
0x00007ffbf9af0000 - 0x00007ffbfa28b000 	C:\WINDOWS\SYSTEM32\windows.storage.dll
0x00007ffbfcca0000 - 0x00007ffbfcff4000 	C:\WINDOWS\System32\combase.dll
0x00007ffbfb3c0000 - 0x00007ffbfb3ed000 	C:\WINDOWS\SYSTEM32\Wldp.dll
0x00007ffbfc940000 - 0x00007ffbfc9ed000 	C:\WINDOWS\System32\SHCORE.dll
0x00007ffbfd3b0000 - 0x00007ffbfd405000 	C:\WINDOWS\System32\shlwapi.dll
0x00007ffbfb980000 - 0x00007ffbfb9a5000 	C:\WINDOWS\SYSTEM32\profapi.dll
0x0000029362a10000 - 0x0000029362a13000 	C:\Program Files\Java\jre-1.8\bin\api-ms-win-core-console-l1-1-0.dll
0x0000029362a20000 - 0x0000029362a23000 	C:\Program Files\Java\jre-1.8\bin\api-ms-win-core-console-l1-2-0.dll
0x0000029362a30000 - 0x0000029362a33000 	C:\Program Files\Java\jre-1.8\bin\api-ms-win-core-datetime-l1-1-0.dll
0x0000029362a40000 - 0x0000029362a43000 	C:\Program Files\Java\jre-1.8\bin\api-ms-win-core-debug-l1-1-0.dll
0x0000029362a50000 - 0x0000029362a53000 	C:\Program Files\Java\jre-1.8\bin\api-ms-win-core-errorhandling-l1-1-0.dll
0x0000029362a60000 - 0x0000029362a64000 	C:\Program Files\Java\jre-1.8\bin\api-ms-win-core-file-l1-1-0.dll
0x0000029362a70000 - 0x0000029362a73000 	C:\Program Files\Java\jre-1.8\bin\api-ms-win-core-file-l1-2-0.dll
0x0000029362a80000 - 0x0000029362a83000 	C:\Program Files\Java\jre-1.8\bin\api-ms-win-core-file-l2-1-0.dll
0x0000029362a90000 - 0x0000029362a93000 	C:\Program Files\Java\jre-1.8\bin\api-ms-win-core-handle-l1-1-0.dll
0x0000029362aa0000 - 0x0000029362aa3000 	C:\Program Files\Java\jre-1.8\bin\api-ms-win-core-heap-l1-1-0.dll
0x0000029362ab0000 - 0x0000029362ab3000 	C:\Program Files\Java\jre-1.8\bin\api-ms-win-core-interlocked-l1-1-0.dll
0x0000029362ac0000 - 0x0000029362ac3000 	C:\Program Files\Java\jre-1.8\bin\api-ms-win-core-libraryloader-l1-1-0.dll
0x0000029362ad0000 - 0x0000029362ad3000 	C:\Program Files\Java\jre-1.8\bin\api-ms-win-core-localization-l1-2-0.dll
0x0000029362ae0000 - 0x0000029362ae3000 	C:\Program Files\Java\jre-1.8\bin\api-ms-win-core-memory-l1-1-0.dll
0x0000029362af0000 - 0x0000029362af3000 	C:\Program Files\Java\jre-1.8\bin\api-ms-win-core-namedpipe-l1-1-0.dll
0x0000029362b00000 - 0x0000029362b03000 	C:\Program Files\Java\jre-1.8\bin\api-ms-win-core-processenvironment-l1-1-0.dll
0x0000029362b10000 - 0x0000029362b13000 	C:\Program Files\Java\jre-1.8\bin\api-ms-win-core-processthreads-l1-1-0.dll
0x0000029362b20000 - 0x0000029362b23000 	C:\Program Files\Java\jre-1.8\bin\api-ms-win-core-processthreads-l1-1-1.dll
0x0000029362b30000 - 0x0000029362b33000 	C:\Program Files\Java\jre-1.8\bin\api-ms-win-core-profile-l1-1-0.dll
0x0000029362b40000 - 0x0000029362b43000 	C:\Program Files\Java\jre-1.8\bin\api-ms-win-core-rtlsupport-l1-1-0.dll
0x0000029362b50000 - 0x0000029362b53000 	C:\Program Files\Java\jre-1.8\bin\api-ms-win-core-string-l1-1-0.dll
0x0000029362b60000 - 0x0000029362b63000 	C:\Program Files\Java\jre-1.8\bin\api-ms-win-core-synch-l1-1-0.dll
0x0000029362b70000 - 0x0000029362b73000 	C:\Program Files\Java\jre-1.8\bin\api-ms-win-core-synch-l1-2-0.dll
0x0000029362b80000 - 0x0000029362b83000 	C:\Program Files\Java\jre-1.8\bin\api-ms-win-core-sysinfo-l1-1-0.dll
0x0000029362b90000 - 0x0000029362b93000 	C:\Program Files\Java\jre-1.8\bin\api-ms-win-core-timezone-l1-1-0.dll
0x0000029362ba0000 - 0x0000029362ba3000 	C:\Program Files\Java\jre-1.8\bin\api-ms-win-core-util-l1-1-0.dll
0x0000029362bb0000 - 0x0000029362bb3000 	C:\Program Files\Java\jre-1.8\bin\api-ms-win-crt-conio-l1-1-0.dll
0x0000029362bc0000 - 0x0000029362bc4000 	C:\Program Files\Java\jre-1.8\bin\api-ms-win-crt-convert-l1-1-0.dll
0x0000029362bd0000 - 0x0000029362bd3000 	C:\Program Files\Java\jre-1.8\bin\api-ms-win-crt-environment-l1-1-0.dll
0x0000029362be0000 - 0x0000029362be3000 	C:\Program Files\Java\jre-1.8\bin\api-ms-win-crt-filesystem-l1-1-0.dll
0x0000029362bf0000 - 0x0000029362bf3000 	C:\Program Files\Java\jre-1.8\bin\api-ms-win-crt-heap-l1-1-0.dll
0x0000029362c00000 - 0x0000029362c03000 	C:\Program Files\Java\jre-1.8\bin\api-ms-win-crt-locale-l1-1-0.dll
0x0000029362c10000 - 0x0000029362c15000 	C:\Program Files\Java\jre-1.8\bin\api-ms-win-crt-math-l1-1-0.dll
0x0000029362c20000 - 0x0000029362c25000 	C:\Program Files\Java\jre-1.8\bin\api-ms-win-crt-multibyte-l1-1-0.dll
0x0000029362c30000 - 0x0000029362c40000 	C:\Program Files\Java\jre-1.8\bin\api-ms-win-crt-private-l1-1-0.dll
0x0000029362c40000 - 0x0000029362c43000 	C:\Program Files\Java\jre-1.8\bin\api-ms-win-crt-process-l1-1-0.dll
0x0000029362c50000 - 0x0000029362c54000 	C:\Program Files\Java\jre-1.8\bin\api-ms-win-crt-runtime-l1-1-0.dll
0x0000029362c60000 - 0x0000029362c64000 	C:\Program Files\Java\jre-1.8\bin\api-ms-win-crt-stdio-l1-1-0.dll
0x0000029362c70000 - 0x0000029362c74000 	C:\Program Files\Java\jre-1.8\bin\api-ms-win-crt-string-l1-1-0.dll
0x0000029362c80000 - 0x0000029362c83000 	C:\Program Files\Java\jre-1.8\bin\api-ms-win-crt-time-l1-1-0.dll
0x0000029362c90000 - 0x0000029362c93000 	C:\Program Files\Java\jre-1.8\bin\api-ms-win-crt-utility-l1-1-0.dll
0x00007ffb78610000 - 0x00007ffb78710000 	C:\Program Files\Java\jre-1.8\bin\ucrtbase.dll
0x00007ffbf6380000 - 0x00007ffbf6389000 	C:\Program Files\Java\jre-1.8\bin\msvcp140_1.dll
0x00007ffbbf8e0000 - 0x00007ffbbf910000 	C:\Program Files\Java\jre-1.8\bin\msvcp140_2.dll
0x00007ffbb4020000 - 0x00007ffbb4043000 	C:\Program Files\Java\jre-1.8\bin\prism_d3d.dll
0x00007ffb89390000 - 0x00007ffb8955d000 	C:\WINDOWS\system32\d3d9.dll
0x00007ffbf9390000 - 0x00007ffbf93bf000 	C:\WINDOWS\SYSTEM32\dwmapi.dll
0x00007ffbf90a0000 - 0x00007ffbf913e000 	C:\WINDOWS\system32\uxtheme.dll
0x00007ffb4ded0000 - 0x00007ffb4e035000 	C:\WINDOWS\System32\DriverStore\FileRepository\iigd_dch.inf_amd64_2b1d9e395a05d1c9\igdumdim64.dll
0x00007ffbfcb00000 - 0x00007ffbfcc2b000 	C:\WINDOWS\System32\ole32.dll
0x00007ffb478d0000 - 0x00007ffb4c050000 	C:\WINDOWS\System32\DriverStore\FileRepository\iigd_dch.inf_amd64_2b1d9e395a05d1c9\igd9dxva64.dll
0x00007ffbfe1a0000 - 0x00007ffbfe26d000 	C:\WINDOWS\System32\OLEAUT32.dll
0x00007ffbfd480000 - 0x00007ffbfd8ee000 	C:\WINDOWS\System32\SETUPAPI.dll
0x00007ffbfbb50000 - 0x00007ffbfbb9e000 	C:\WINDOWS\System32\cfgmgr32.dll
0x00007ffbfbb20000 - 0x00007ffbfbb47000 	C:\WINDOWS\System32\bcrypt.dll
0x00007ffbde8b0000 - 0x00007ffbdeb08000 	C:\WINDOWS\System32\DriverStore\FileRepository\iigd_dch.inf_amd64_2b1d9e395a05d1c9\igdgmm64.dll
0x00007ffb7f6e0000 - 0x00007ffb7f722000 	C:\Program Files\Java\jre-1.8\bin\glass.dll
0x00007ffbfd2d0000 - 0x00007ffbfd3aa000 	C:\WINDOWS\System32\COMDLG32.dll
0x00007ffbfc820000 - 0x00007ffbfc934000 	C:\WINDOWS\System32\MSCTF.dll
0x00007ffbfc340000 - 0x00007ffbfc3c2000 	C:\WINDOWS\System32\bcryptPrimitives.dll
0x00007ffbe1b70000 - 0x00007ffbe1b97000 	C:\WINDOWS\System32\DriverStore\FileRepository\iigd_dch.inf_amd64_2b1d9e395a05d1c9\igdinfo64.dll
0x00007ffbdb5e0000 - 0x00007ffbde2c0000 	C:\WINDOWS\System32\DriverStore\FileRepository\iigd_dch.inf_amd64_2b1d9e395a05d1c9\igc64.dll
0x00007ffbd9fd0000 - 0x00007ffbda00b000 	C:\WINDOWS\SYSTEM32\dxcore.dll
0x00007ffbc3ec0000 - 0x00007ffbc3ed4000 	C:\Program Files\Java\jre-1.8\bin\javafx_font.dll
0x00007ffbf4780000 - 0x00007ffbf479c000 	C:\Program Files\Java\jre-1.8\bin\net.dll
0x00007ffbfb120000 - 0x00007ffbfb18a000 	C:\WINDOWS\system32\mswsock.dll
0x00007ffbfae50000 - 0x00007ffbfaf1a000 	C:\WINDOWS\SYSTEM32\DNSAPI.dll
0x00007ffbfae10000 - 0x00007ffbfae4b000 	C:\WINDOWS\SYSTEM32\IPHLPAPI.DLL
0x00007ffbfc5e0000 - 0x00007ffbfc5e8000 	C:\WINDOWS\System32\NSI.dll
0x00007ffbeaf60000 - 0x00007ffbeaf6a000 	C:\Windows\System32\rasadhlp.dll
0x00007ffbeb330000 - 0x00007ffbeb3b0000 	C:\WINDOWS\System32\fwpuclnt.dll
0x00007ffbdeb10000 - 0x00007ffbded8f000 	C:\WINDOWS\SYSTEM32\dwrite.dll
0x00007ffbfc770000 - 0x00007ffbfc819000 	C:\WINDOWS\System32\clbcatq.dll
0x00007ffbe0f30000 - 0x00007ffbe10e4000 	C:\WINDOWS\SYSTEM32\WindowsCodecs.dll
0x00007ffbcbc40000 - 0x00007ffbcbc7e000 	C:\WINDOWS\system32\dataexchange.dll
0x00007ffbf83c0000 - 0x00007ffbf85a3000 	C:\WINDOWS\system32\dcomp.dll
0x00007ffbf7a30000 - 0x00007ffbf7c93000 	C:\WINDOWS\system32\d3d11.dll
0x00007ffbfa310000 - 0x00007ffbfa403000 	C:\WINDOWS\system32\dxgi.dll
0x00007ffbf3910000 - 0x00007ffbf3b13000 	C:\WINDOWS\system32\twinapi.appcore.dll
0x00007ffbe9b40000 - 0x00007ffbe9b74000 	C:\Program Files\Common Files\Microsoft Shared\Ink\rtscom.dll
0x00007ffbe5640000 - 0x00007ffbe5739000 	C:\WINDOWS\SYSTEM32\textinputframework.dll
0x00007ffbf8930000 - 0x00007ffbf8c8b000 	C:\WINDOWS\System32\CoreUIComponents.dll
0x00007ffbf8ce0000 - 0x00007ffbf8dd2000 	C:\WINDOWS\System32\CoreMessaging.dll
0x00007ffbfab70000 - 0x00007ffbfaba3000 	C:\WINDOWS\SYSTEM32\ntmarta.dll
0x00007ffbf8260000 - 0x00007ffbf83b5000 	C:\WINDOWS\SYSTEM32\wintypes.dll
0x00007ffbf53e0000 - 0x00007ffbf53f2000 	C:\Program Files\Java\jre-1.8\bin\prism_common.dll

VM Arguments:
jvm_args: -Dfile.encoding=UTF-8 -Dstdout.encoding=UTF-8 -Dstderr.encoding=UTF-8 
java_command: CarTable
java_class_path (initial): C:\Users\nadin\OneDrive\Desktop\UNI\FALL2023\SWER005\eclipse\Assignment_DataBase\bin;C:\Users\nadin\OneDrive\Desktop\UNI\FALL2023\SWER005\eclipse\Assignment_DataBase\mysql-connector-j-8.1.0.jar
Launcher Type: SUN_STANDARD

Environment Variables:
PATH=C:\Program Files\Common Files\Oracle\Java\javapath;C:\WINDOWS\system32;C:\WINDOWS;C:\WINDOWS\System32\Wbem;C:\WINDOWS\System32\WindowsPowerShell\v1.0\;C:\WINDOWS\System32\OpenSSH\;C:\Users\nadin\Downloads\apache-maven-3.9.4-bin\apache-maven-3.9.4\bin;C:\Program Files\dotnet\;C:\Program Files\Git\cmd;C:\Users\nadin\AppData\Local\Microsoft\WindowsApps;;C:\Users\nadin\AppData\Local\Programs\Microsoft VS Code\bin;C:\Users\nadin\.dotnet\tools
USERNAME=nadin
OS=Windows_NT
PROCESSOR_IDENTIFIER=Intel64 Family 6 Model 142 Stepping 12, GenuineIntel



---------------  S Y S T E M  ---------------

OS: Windows 10 , 64 bit Build 19041 (10.0.19041.3636)

CPU:total 8 (initial active 8) (4 cores per cpu, 2 threads per core) family 6 model 142 stepping 12, cmov, cx8, fxsr, mmx, sse, sse2, sse3, ssse3, sse4.1, sse4.2, popcnt, avx, avx2, aes, clmul, erms, 3dnowpref, lzcnt, ht, tsc, tscinvbit, bmi1, bmi2, adx

Memory: 4k page, physical 8263896k(563140k free), swap 23529452k(276k free)

vm_info: Java HotSpot(TM) 64-Bit Server VM (25.381-b09) for windows-amd64 JRE (1.8.0_381-b09), built on Jun 14 2023 13:50:38 by "java_re" with MS VC++ 17.1 (VS2022)

time: Sun Dec 17 04:41:19 2023
timezone: West Bank Gaza Standard Time
elapsed time: 50.323918 seconds (0d 0h 0m 50s)

